  Exceptions.cpp
  main.cpp
c:\übungsprojekte\cryptotemplates\puffertools.h(41): warning C4267: "Argument": Konvertierung von "size_t" nach "int", Datenverlust möglich
c:\übungsprojekte\cryptotemplates\puffer.h(69): warning C4267: "Argument": Konvertierung von "size_t" nach "int", Datenverlust möglich
  c:\übungsprojekte\cryptotemplates\puffer.h(64): note: Bei der Kompilierung von Klasse Vorlage der bool Puffer<double>::operator ==(const Puffer<double> &) const-Memberfunktion
  c:\übungsprojekte\cryptotemplates\main.cpp(38): note: Siehe Verweis auf die Instanziierung der gerade kompilierten Funktions-Vorlage "bool Puffer<double>::operator ==(const Puffer<double> &) const".
  c:\übungsprojekte\cryptotemplates\main.cpp(15): note: Siehe Verweis auf die Klasse Vorlage-Instanziierung "Puffer<double>", die kompiliert wird.
c:\übungsprojekte\cryptotemplates\puffer.h(53): warning C4267: "Argument": Konvertierung von "size_t" nach "int", Datenverlust möglich
  c:\übungsprojekte\cryptotemplates\puffer.h(43): note: Bei der Kompilierung von Klasse Vorlage der void Puffer<double>::operator =(const Puffer<double> &)-Memberfunktion
  c:\übungsprojekte\cryptotemplates\main.cpp(34): note: Siehe Verweis auf die Instanziierung der gerade kompilierten Funktions-Vorlage "void Puffer<double>::operator =(const Puffer<double> &)".
c:\übungsprojekte\cryptotemplates\puffer.h(18): warning C4267: "Argument": Konvertierung von "size_t" nach "int", Datenverlust möglich
  c:\übungsprojekte\cryptotemplates\puffer.h(14): note: Bei der Kompilierung von Klasse Vorlage der Puffer<double>::Puffer(const Puffer<double> &)-Memberfunktion
  c:\übungsprojekte\cryptotemplates\main.cpp(35): note: Siehe Verweis auf die Instanziierung der gerade kompilierten Funktions-Vorlage "Puffer<double>::Puffer(const Puffer<double> &)".
c:\übungsprojekte\cryptotemplates\puffertools.h(91): warning C4267: "Argument": Konvertierung von "size_t" nach "int", Datenverlust möglich
  c:\übungsprojekte\cryptotemplates\main.cpp(27): note: Siehe Verweis auf die Instanziierung der gerade kompilierten Funktions-Vorlage "bool FindIf<double,bool(__cdecl *)(const T &)>(const Puffer<T> &,U)".
          with
          [
              T=double,
              U=bool (__cdecl *)(const double &)
          ]
c:\übungsprojekte\cryptotemplates\puffertools.h(65): warning C4267: "Argument": Konvertierung von "size_t" nach "int", Datenverlust möglich
  c:\übungsprojekte\cryptotemplates\main.cpp(30): note: Siehe Verweis auf die Instanziierung der gerade kompilierten Funktions-Vorlage "bool Find<double,double>(const Puffer<double> &,U)".
          with
          [
              U=double
          ]
c:\übungsprojekte\cryptotemplates\puffertools.h(20): warning C4267: "Argument": Konvertierung von "size_t" nach "int", Datenverlust möglich
  c:\übungsprojekte\cryptotemplates\puffertools.h(98): note: Siehe Verweis auf die Instanziierung der gerade kompilierten Funktions-Vorlage "void Print<double>(const Puffer<double> &)".
  c:\übungsprojekte\cryptotemplates\main.cpp(54): note: Siehe Verweis auf die Instanziierung der gerade kompilierten Funktions-Vorlage "void PrintAll<Puffer<Person>,Person,Puffer<double>,Puffer<double>,Puffer<double>,bool[4]>(const Puffer<Person> &,const Person &,const Puffer<double> &,const Puffer<double> &,const Puffer<double> &,const bool (&)[4])".
  Person.cpp
  Code wird generiert...
c:\übungsprojekte\cryptotemplates\puffer.h(71): warning C4715: "Puffer<double>::operator==": Nicht alle Codepfade geben einen Wert zurück.
c:\übungsprojekte\cryptotemplates\puffer.h(71): warning C4715: "Puffer<Person>::operator==": Nicht alle Codepfade geben einen Wert zurück.
  CryptoTemplates.vcxproj -> C:\Übungsprojekte\CryptoTemplates\x64\Debug\CryptoTemplates.exe
